{"contracts/ERC721.sol":{"l":{"19":5,"20":4,"21":2,"23":2,"25":2,"26":2,"28":2,"30":2,"32":2,"34":2,"42":5,"43":5,"46":5,"54":1,"55":1,"56":1,"57":2,"59":1,"67":6,"73":1},"path":"/Users/ayushthakur/Desktop/Rapid innovation/Blockchain-tasks/task1-ERC721/contracts/ERC721.sol","s":{"1":5,"2":4,"3":2,"4":2,"5":2,"6":2,"7":2,"8":2,"9":2,"10":5,"11":5,"12":1,"13":1,"14":1,"15":1,"16":1},"b":{"1":[4,1],"2":[2,2]},"f":{"1":6,"2":5,"3":5,"4":1,"5":6,"6":1},"fnMap":{"1":{"name":"constructor","line":14,"loc":{"start":{"line":14,"column":4},"end":{"line":14,"column":51}}},"2":{"name":"mint","line":18,"loc":{"start":{"line":18,"column":4},"end":{"line":35,"column":4}}},"3":{"name":"isContract","line":37,"loc":{"start":{"line":37,"column":4},"end":{"line":47,"column":4}}},"4":{"name":"getNFTsForOwner","line":49,"loc":{"start":{"line":49,"column":4},"end":{"line":60,"column":4}}},"5":{"name":"constructor","line":66,"loc":{"start":{"line":66,"column":4},"end":{"line":68,"column":4}}},"6":{"name":"callMint","line":72,"loc":{"start":{"line":72,"column":4},"end":{"line":74,"column":4}}}},"statementMap":{"1":{"start":{"line":19,"column":8},"end":{"line":19,"column":61}},"2":{"start":{"line":20,"column":8},"end":{"line":20,"column":66}},"3":{"start":{"line":21,"column":8},"end":{"line":21,"column":26}},"4":{"start":{"line":23,"column":8},"end":{"line":23,"column":53}},"5":{"start":{"line":25,"column":8},"end":{"line":25,"column":43}},"6":{"start":{"line":26,"column":8},"end":{"line":26,"column":33}},"7":{"start":{"line":30,"column":8},"end":{"line":30,"column":39}},"8":{"start":{"line":32,"column":8},"end":{"line":32,"column":51}},"9":{"start":{"line":34,"column":8},"end":{"line":34,"column":22}},"10":{"start":{"line":42,"column":8},"end":{"line":42,"column":19}},"11":{"start":{"line":46,"column":8},"end":{"line":46,"column":25}},"12":{"start":{"line":54,"column":8},"end":{"line":54,"column":55}},"13":{"start":{"line":55,"column":8},"end":{"line":55,"column":59}},"14":{"start":{"line":56,"column":8},"end":{"line":56,"column":1688}},"15":{"start":{"line":59,"column":8},"end":{"line":59,"column":19}},"16":{"start":{"line":73,"column":8},"end":{"line":73,"column":30}}},"branchMap":{"1":{"line":19,"type":"if","locations":[{"start":{"line":19,"column":8},"end":{"line":19,"column":8}},{"start":{"line":19,"column":8},"end":{"line":19,"column":8}}]},"2":{"line":20,"type":"if","locations":[{"start":{"line":20,"column":8},"end":{"line":20,"column":8}},{"start":{"line":20,"column":8},"end":{"line":20,"column":8}}]}}}}