{
"contracts/ERC721.sol":{"l":{"20":3,"24":3,"25":1,"27":1,"28":1,"30":1,"32":1,"40":3,"41":3,"44":3,"52":6,"58":0},"path":"/Users/ayushthakur/Desktop/Rapid innovation/blockchain-learning/harhdat learning 2/contracts/ERC721.sol","s":{"1":3,"2":3,"3":1,"4":1,"5":1,"6":1,"7":1,"8":3,"9":3,"10":0},"b":{"1":[3,0],"2":[1,2]},"f":{"1":6,"2":3,"3":3,"4":6,"5":0},"fnMap":{"1":{"name":"constructor","line":13,"loc":{"start":{"line":13,"column":4},"end":{"line":15,"column":4}}},"2":{"name":"mint","line":19,"loc":{"start":{"line":19,"column":4},"end":{"line":33,"column":4}}},"3":{"name":"isContract","line":35,"loc":{"start":{"line":35,"column":4},"end":{"line":45,"column":4}}},"4":{"name":"constructor","line":51,"loc":{"start":{"line":51,"column":4},"end":{"line":53,"column":4}}},"5":{"name":"callMint","line":57,"loc":{"start":{"line":57,"column":4},"end":{"line":59,"column":4}}}},"statementMap":{"1":{"start":{"line":20,"column":8},"end":{"line":20,"column":691}},"2":{"start":{"line":24,"column":8},"end":{"line":24,"column":70}},"3":{"start":{"line":25,"column":8},"end":{"line":25,"column":25}},"4":{"start":{"line":27,"column":8},"end":{"line":27,"column":42}},"5":{"start":{"line":28,"column":8},"end":{"line":28,"column":33}},"6":{"start":{"line":30,"column":8},"end":{"line":30,"column":39}},"7":{"start":{"line":32,"column":8},"end":{"line":32,"column":22}},"8":{"start":{"line":40,"column":8},"end":{"line":40,"column":19}},"9":{"start":{"line":44,"column":8},"end":{"line":44,"column":25}},"10":{"start":{"line":58,"column":8},"end":{"line":58,"column":30}}},"branchMap":{"1":{"line":20,"type":"if","locations":[{"start":{"line":20,"column":8},"end":{"line":20,"column":8}},{"start":{"line":20,"column":8},"end":{"line":20,"column":8}}]},"2":{"line":24,"type":"if","locations":[{"start":{"line":24,"column":8},"end":{"line":24,"column":8}},{"start":{"line":24,"column":8},"end":{"line":24,"column":8}}]}}}}
