TN:
SF:/Users/ayushthakur/Desktop/Rapid innovation/Blockchain-tasks/task1-ERC721/contracts/ERC721.sol
FN:14,constructor
FN:18,mint
FN:37,isContract
FN:49,getNFTsForOwner
FN:66,constructor
FN:72,callMint
FNF:6
FNH:6
FNDA:6,constructor
FNDA:5,mint
FNDA:5,isContract
FNDA:1,getNFTsForOwner
FNDA:6,constructor
FNDA:1,callMint
DA:19,5
DA:20,4
DA:21,2
DA:23,2
DA:25,2
DA:26,2
DA:28,2
DA:30,2
DA:32,2
DA:34,2
DA:42,5
DA:43,5
DA:46,5
DA:54,1
DA:55,1
DA:56,1
DA:57,2
DA:59,1
DA:67,6
DA:73,1
LF:20
LH:20
BRDA:19,1,0,4
BRDA:19,1,1,1
BRDA:20,2,0,2
BRDA:20,2,1,2
BRF:4
BRH:4
end_of_record
